Build started 11/27/2015 1:03:49 PM.
Project "C:\Users\Schuyler Levinson\Desktop\vox2\vox2\vox2.vcxproj" on node 2 (build target(s)).
InitializeBuildStatus:
  Creating "Debug\vox2.unsuccessfulbuild" because "AlwaysCreate" was specified.
ClCompile:
  All outputs are up-to-date.
  C:\Program Files (x86)\Microsoft Visual Studio 10.0\VC\bin\CL.exe /c /I"C:\Users\Schuyler Levinson\Desktop\Voxelyze-master\include" /ZI /nologo /W3 /WX- /Od /Oy- /D WIN32 /D _ITERATOR_DEBUG_LEVEL=0 /D _DEBUG /D _CONSOLE /D _UNICODE /D UNICODE /Gm /EHsc /RTC1 /MDd /GS /fp:precise /Zc:wchar_t /Zc:forScope /Yu"StdAfx.h" /Fp"Debug\vox2.pch" /Fo"Debug\\" /Fd"Debug\vc100.pdb" /Gd /TP /analyze- /errorReport:prompt vox2.cpp
  vox2.cpp
c:\users\schuyler levinson\desktop\vox2\vox2\vox2.cpp(29): warning C4305: 'argument' : truncation from 'double' to 'float'
c:\users\schuyler levinson\desktop\vox2\vox2\vox2.cpp(30): warning C4305: 'argument' : truncation from 'double' to 'float'
c:\users\schuyler levinson\desktop\vox2\vox2\vox2.cpp(31): warning C4305: 'argument' : truncation from 'double' to 'float'
c:\users\schuyler levinson\desktop\vox2\vox2\vox2.cpp(32): warning C4305: 'argument' : truncation from 'double' to 'float'
c:\users\schuyler levinson\desktop\vox2\vox2\vox2.cpp(35): warning C4305: 'argument' : truncation from 'double' to 'float'
c:\users\schuyler levinson\desktop\vox2\vox2\vox2.cpp(36): warning C4305: 'argument' : truncation from 'double' to 'float'
c:\users\schuyler levinson\desktop\vox2\vox2\vox2.cpp(37): warning C4305: 'argument' : truncation from 'double' to 'float'
c:\users\schuyler levinson\desktop\vox2\vox2\vox2.cpp(38): warning C4305: 'argument' : truncation from 'double' to 'float'
c:\users\schuyler levinson\desktop\vox2\vox2\vox2.cpp(41): warning C4305: 'argument' : truncation from 'double' to 'float'
c:\users\schuyler levinson\desktop\vox2\vox2\vox2.cpp(43): warning C4305: 'argument' : truncation from 'double' to 'float'
c:\users\schuyler levinson\desktop\vox2\vox2\vox2.cpp(44): warning C4305: 'argument' : truncation from 'double' to 'float'
c:\users\schuyler levinson\desktop\vox2\vox2\vox2.cpp(47): warning C4305: 'argument' : truncation from 'double' to 'float'
c:\users\schuyler levinson\desktop\vox2\vox2\vox2.cpp(49): warning C4305: 'argument' : truncation from 'double' to 'float'
c:\users\schuyler levinson\desktop\vox2\vox2\vox2.cpp(50): warning C4305: 'argument' : truncation from 'double' to 'float'
c:\users\schuyler levinson\desktop\vox2\vox2\vox2.cpp(91): warning C4305: 'argument' : truncation from 'double' to 'float'
c:\users\schuyler levinson\desktop\vox2\vox2\vox2.cpp(96): warning C4305: 'argument' : truncation from 'double' to 'float'
Link:
  C:\Program Files (x86)\Microsoft Visual Studio 10.0\VC\bin\link.exe /ERRORREPORT:PROMPT /OUT:"C:\Users\Schuyler Levinson\Desktop\vox2\Debug\vox2.exe" /INCREMENTAL:NO /NOLOGO /LIBPATH:"C:\Users\Schuyler Levinson\Desktop\Voxelyze-master\lib" Voxelyze.lib kernel32.lib user32.lib gdi32.lib winspool.lib comdlg32.lib advapi32.lib shell32.lib ole32.lib oleaut32.lib uuid.lib odbc32.lib odbccp32.lib /MANIFEST /ManifestFile:"Debug\vox2.exe.intermediate.manifest" /MANIFESTUAC:"level='asInvoker' uiAccess='false'" /DEBUG /PDB:"C:\Users\Schuyler Levinson\Desktop\vox2\Debug\vox2.pdb" /SUBSYSTEM:CONSOLE /TLBID:1 /DYNAMICBASE /NXCOMPAT /IMPLIB:"C:\Users\Schuyler Levinson\Desktop\vox2\Debug\vox2.lib" /MACHINE:X86 Debug\stdafx.obj
  Debug\vox2.obj
  "..\..\Voxelyze-master\lib\Voxelyze.lib"
  "..\..\Voxelyze-master\lib\Voxelyze_d.lib"
stdafx.obj : warning LNK4075: ignoring '/EDITANDCONTINUE' due to '/INCREMENTAL:NO' specification
  Voxelyze.lib(Voxelyze.obj) : MSIL .netmodule or module compiled with /GL found; restarting link with /LTCG; add /LTCG to the link command line to improve linker performance
stdafx.obj : warning LNK4075: ignoring '/EDITANDCONTINUE' due to '/INCREMENTAL:NO' specification
LINK : warning LNK4098: defaultlib 'MSVCRT' conflicts with use of other libs; use /NODEFAULTLIB:library
  Generating code
  Finished generating code
Voxelyze.lib(Voxelyze.obj) : warning LNK4099: PDB 'vc100.pdb' was not found with 'Voxelyze.lib(Voxelyze.obj)' or at 'C:\Users\Schuyler Levinson\Desktop\vox2\Debug\vc100.pdb'; linking object as if no debug info
Voxelyze.lib(VX_Material.obj) : warning LNK4099: PDB 'vc100.pdb' was not found with 'Voxelyze.lib(VX_Material.obj)' or at 'C:\Users\Schuyler Levinson\Desktop\vox2\Debug\vc100.pdb'; linking object as if no debug info
Voxelyze.lib(VX_MaterialVoxel.obj) : warning LNK4099: PDB 'vc100.pdb' was not found with 'Voxelyze.lib(VX_MaterialVoxel.obj)' or at 'C:\Users\Schuyler Levinson\Desktop\vox2\Debug\vc100.pdb'; linking object as if no debug info
Voxelyze.lib(VX_External.obj) : warning LNK4099: PDB 'vc100.pdb' was not found with 'Voxelyze.lib(VX_External.obj)' or at 'C:\Users\Schuyler Levinson\Desktop\vox2\Debug\vc100.pdb'; linking object as if no debug info
Voxelyze.lib(VX_Collision.obj) : warning LNK4099: PDB 'vc100.pdb' was not found with 'Voxelyze.lib(VX_Collision.obj)' or at 'C:\Users\Schuyler Levinson\Desktop\vox2\Debug\vc100.pdb'; linking object as if no debug info
Voxelyze.lib(VX_LinearSolver.obj) : warning LNK4099: PDB 'vc100.pdb' was not found with 'Voxelyze.lib(VX_LinearSolver.obj)' or at 'C:\Users\Schuyler Levinson\Desktop\vox2\Debug\vc100.pdb'; linking object as if no debug info
Voxelyze.lib(VX_Voxel.obj) : warning LNK4099: PDB 'vc100.pdb' was not found with 'Voxelyze.lib(VX_Voxel.obj)' or at 'C:\Users\Schuyler Levinson\Desktop\vox2\Debug\vc100.pdb'; linking object as if no debug info
Voxelyze.lib(VX_MaterialLink.obj) : warning LNK4099: PDB 'vc100.pdb' was not found with 'Voxelyze.lib(VX_MaterialLink.obj)' or at 'C:\Users\Schuyler Levinson\Desktop\vox2\Debug\vc100.pdb'; linking object as if no debug info
Voxelyze.lib(VX_Link.obj) : warning LNK4099: PDB 'vc100.pdb' was not found with 'Voxelyze.lib(VX_Link.obj)' or at 'C:\Users\Schuyler Levinson\Desktop\vox2\Debug\vc100.pdb'; linking object as if no debug info
  vox2.vcxproj -> C:\Users\Schuyler Levinson\Desktop\vox2\Debug\vox2.exe
Manifest:
  C:\Program Files (x86)\Microsoft SDKs\Windows\v7.0A\bin\mt.exe /nologo /verbose /outputresource:"C:\Users\Schuyler Levinson\Desktop\vox2\Debug\vox2.exe;#1" /manifest Debug\vox2.exe.intermediate.manifest
FinalizeBuildStatus:
  Deleting file "Debug\vox2.unsuccessfulbuild".
  Touching "Debug\vox2.lastbuildstate".
Done Building Project "C:\Users\Schuyler Levinson\Desktop\vox2\vox2\vox2.vcxproj" (build target(s)).

Build succeeded.

Time Elapsed 00:00:03.82
