C:\USERS\SCHUYLER LEVINSON\DESKTOP\VOX2\DEBUG\VOX2.EXE
C:\USERS\SCHUYLER LEVINSON\DESKTOP\VOX2\DEBUG\VOX2.PDB
C:\Users\Schuyler Levinson\Desktop\vox2\vox2\Debug\cl.command.1.tlog
C:\Users\Schuyler Levinson\Desktop\vox2\vox2\Debug\CL.read.1.tlog
C:\Users\Schuyler Levinson\Desktop\vox2\vox2\Debug\CL.write.1.tlog
C:\Users\Schuyler Levinson\Desktop\vox2\vox2\Debug\link.3620.read.1.tlog
C:\Users\Schuyler Levinson\Desktop\vox2\vox2\Debug\link.3620.write.1.tlog
C:\Users\Schuyler Levinson\Desktop\vox2\vox2\Debug\link.command.1.tlog
C:\Users\Schuyler Levinson\Desktop\vox2\vox2\Debug\link.read.1.tlog
C:\Users\Schuyler Levinson\Desktop\vox2\vox2\Debug\link.write.1.tlog
C:\Users\Schuyler Levinson\Desktop\vox2\vox2\Debug\mt.command.1.tlog
C:\Users\Schuyler Levinson\Desktop\vox2\vox2\Debug\mt.read.1.tlog
C:\Users\Schuyler Levinson\Desktop\vox2\vox2\Debug\mt.write.1.tlog
C:\USERS\SCHUYLER LEVINSON\DESKTOP\VOX2\VOX2\DEBUG\STDAFX.OBJ
C:\Users\Schuyler Levinson\Desktop\vox2\vox2\Debug\vc100.idb
C:\USERS\SCHUYLER LEVINSON\DESKTOP\VOX2\VOX2\DEBUG\VC100.PDB
C:\USERS\SCHUYLER LEVINSON\DESKTOP\VOX2\VOX2\DEBUG\VOX2.EXE.INTERMEDIATE.MANIFEST
C:\USERS\SCHUYLER LEVINSON\DESKTOP\VOX2\VOX2\DEBUG\VOX2.OBJ
C:\USERS\SCHUYLER LEVINSON\DESKTOP\VOX2\VOX2\DEBUG\VOX2.PCH
C:\Users\Schuyler Levinson\Desktop\vox2\vox2\Debug\vox2.write.1.tlog
